<?xml version="1.0" encoding="UTF-8"?>
<!-- Generated by org.testng.reporters.JUnitReportReporter -->
<testsuite hostname="DESKTOP-DQ564GQ" failures="0" tests="1" name="testcases.HomeLoanTest" time="0.005" errors="0" timestamp="18 Apr 2023 11:21:37 GMT" skipped="0">
  <testcase classname="testcases.HomeLoanTest" name="test2" time="0.005"/>
</testsuite> <!-- testcases.HomeLoanTest -->
