<?xml version="1.0" encoding="UTF-8"?>
<!-- Generated by org.testng.reporters.JUnitReportReporter -->
<testsuite hostname="DESKTOP-DQ564GQ" failures="0" tests="1" name="testcases.CarLoanTest" time="0.016" errors="0" timestamp="18 Apr 2023 16:00:22 GMT" skipped="0">
  <testcase classname="testcases.CarLoanTest" name="test3" time="0.016"/>
</testsuite> <!-- testcases.CarLoanTest -->
